

================================================================
== Vivado HLS Report for 'fir'
================================================================
* Date:           Wed Mar 10 11:42:35 2021

* Version:        2018.3 (Build 2405991 on Thu Dec 06 23:56:15 MST 2018)
* Project:        fir_prj
* Solution:       solution2
* Product family: kintex7
* Target device:  xc7k160tfbg484-2


================================================================
== Performance Estimates
================================================================
+ Timing (ns): 
    * Summary: 
    +--------+-------+----------+------------+
    |  Clock | Target| Estimated| Uncertainty|
    +--------+-------+----------+------------+
    |ap_clk  |  10.00|     7.756|        1.25|
    +--------+-------+----------+------------+

+ Latency (clock cycles): 
    * Summary: 
    +-----+-----+-----+-----+---------+
    |  Latency  |  Interval | Pipeline|
    | min | max | min | max |   Type  |
    +-----+-----+-----+-----+---------+
    |   45|   45|   45|   45|   none  |
    +-----+-----+-----+-----+---------+

    + Detail: 
        * Instance: 
        N/A

        * Loop: 
        +--------------------+-----+-----+----------+-----------+-----------+------+----------+
        |                    |  Latency  | Iteration|  Initiation Interval  | Trip |          |
        |      Loop Name     | min | max |  Latency |  achieved |   target  | Count| Pipelined|
        +--------------------+-----+-----+----------+-----------+-----------+------+----------+
        |- Shift_Accum_Loop  |   44|   44|         4|          -|          -|    11|    no    |
        +--------------------+-----+-----+----------+-----------+-----------+------+----------+

============================================================
+ Verbose Summary: Synthesis Manager
============================================================
InlineROM: 1
ExposeGlobal: 0
============================================================
+ Verbose Summary: CDFG Model
============================================================
IsTopModel: 1
ResetActiveHigh: 1
IsCombinational: 0
IsDatapathOnly: 0
HasWiredReturn: 1
HasMFsm: 0
HasVarLatency: 1
IsPipeline: 0
IsRtlPipelined: 0
IsInstanceOverlapped: 0
IsDontTouch: 0
HasImplIP: 0
IsGatedGlobalClock: 0


============================================================
+ Verbose Summary: Schedule
============================================================
* Number of FSM states : 5
* Pipeline : 0
* Dataflow Pipeline: 0

* FSM state transitions: 
1 --> 
	2  / true
2 --> 
	3  / (!tmp)
3 --> 
	4  / true
4 --> 
	5  / true
5 --> 
	2  / true

* FSM state operations: 

State 1 <SV = 0> <Delay = 0.87>
ST_1 : Operation 6 [1/1] (0.00ns)   --->   "call void (...)* @_ssdm_op_SpecBitsMap(i32* %y) nounwind, !map !7"   --->   Operation 6 'specbitsmap' <Predicate = true> <Delay = 0.00>
ST_1 : Operation 7 [1/1] (0.00ns)   --->   "call void (...)* @_ssdm_op_SpecBitsMap([11 x i32]* %c) nounwind, !map !13"   --->   Operation 7 'specbitsmap' <Predicate = true> <Delay = 0.00>
ST_1 : Operation 8 [1/1] (0.00ns)   --->   "call void (...)* @_ssdm_op_SpecBitsMap(i32 %x) nounwind, !map !19"   --->   Operation 8 'specbitsmap' <Predicate = true> <Delay = 0.00>
ST_1 : Operation 9 [1/1] (0.00ns)   --->   "call void (...)* @_ssdm_op_SpecTopModule([4 x i8]* @fir_str) nounwind"   --->   Operation 9 'spectopmodule' <Predicate = true> <Delay = 0.00>
ST_1 : Operation 10 [1/1] (0.00ns)   --->   "%x_read = call i32 @_ssdm_op_Read.ap_vld.i32(i32 %x) nounwind" [fir.c:49]   --->   Operation 10 'read' 'x_read' <Predicate = true> <Delay = 0.00>
ST_1 : Operation 11 [1/1] (0.00ns)   --->   "call void (...)* @_ssdm_op_SpecMemCore([11 x i32]* %c, [1 x i8]* @p_str, [12 x i8]* @p_str1, [1 x i8]* @p_str, i32 -1, [1 x i8]* @p_str, [1 x i8]* @p_str, [1 x i8]* @p_str, [1 x i8]* @p_str, [1 x i8]* @p_str) nounwind" [fir.c:53]   --->   Operation 11 'specmemcore' <Predicate = true> <Delay = 0.00>
ST_1 : Operation 12 [1/1] (0.00ns)   --->   "call void (...)* @_ssdm_op_SpecInterface(i32 %x, [7 x i8]* @p_str2, i32 0, i32 0, [1 x i8]* @p_str, i32 0, i32 0, [1 x i8]* @p_str, [1 x i8]* @p_str, [1 x i8]* @p_str, i32 0, i32 0, i32 0, i32 0, [1 x i8]* @p_str, [1 x i8]* @p_str) nounwind" [fir.c:53]   --->   Operation 12 'specinterface' <Predicate = true> <Delay = 0.00>
ST_1 : Operation 13 [1/1] (0.00ns)   --->   "call void (...)* @_ssdm_op_SpecInterface(i32* %y, [7 x i8]* @p_str2, i32 0, i32 0, [1 x i8]* @p_str, i32 0, i32 0, [1 x i8]* @p_str, [1 x i8]* @p_str, [1 x i8]* @p_str, i32 0, i32 0, i32 0, i32 0, [1 x i8]* @p_str, [1 x i8]* @p_str) nounwind" [fir.c:54]   --->   Operation 13 'specinterface' <Predicate = true> <Delay = 0.00>
ST_1 : Operation 14 [1/1] (0.87ns)   --->   "br label %1" [fir.c:65]   --->   Operation 14 'br' <Predicate = true> <Delay = 0.87>

State 2 <SV = 1> <Delay = 2.25>
ST_2 : Operation 15 [1/1] (0.00ns)   --->   "%acc = phi i32 [ 0, %0 ], [ %acc_1, %5 ]"   --->   Operation 15 'phi' 'acc' <Predicate = true> <Delay = 0.00>
ST_2 : Operation 16 [1/1] (0.00ns)   --->   "%i = phi i5 [ 10, %0 ], [ %i_1, %5 ]"   --->   Operation 16 'phi' 'i' <Predicate = true> <Delay = 0.00>
ST_2 : Operation 17 [1/1] (0.00ns)   --->   "%i_cast = sext i5 %i to i32" [fir.c:65]   --->   Operation 17 'sext' 'i_cast' <Predicate = true> <Delay = 0.00>
ST_2 : Operation 18 [1/1] (0.00ns)   --->   "%tmp = call i1 @_ssdm_op_BitSelect.i1.i5.i32(i5 %i, i32 4)" [fir.c:65]   --->   Operation 18 'bitselect' 'tmp' <Predicate = true> <Delay = 0.00>
ST_2 : Operation 19 [1/1] (0.00ns)   --->   "%empty = call i32 (...)* @_ssdm_op_SpecLoopTripCount(i64 11, i64 11, i64 11) nounwind"   --->   Operation 19 'speclooptripcount' 'empty' <Predicate = true> <Delay = 0.00>
ST_2 : Operation 20 [1/1] (0.00ns)   --->   "br i1 %tmp, label %6, label %2" [fir.c:65]   --->   Operation 20 'br' <Predicate = true> <Delay = 0.00>
ST_2 : Operation 21 [1/1] (0.00ns)   --->   "call void (...)* @_ssdm_op_SpecLoopName([17 x i8]* @p_str3) nounwind" [fir.c:65]   --->   Operation 21 'specloopname' <Predicate = (!tmp)> <Delay = 0.00>
ST_2 : Operation 22 [1/1] (0.88ns)   --->   "%tmp_1 = icmp eq i5 %i, 0" [fir.c:66]   --->   Operation 22 'icmp' 'tmp_1' <Predicate = (!tmp)> <Delay = 0.88> <Core = "Cmp">   --->   Core 25 'Cmp' <Latency = 0> <II = 1> <Delay = 0.88> <FuncUnit> <Opcode : 'icmp'> <InPorts = 2> <OutPorts = 1>
ST_2 : Operation 23 [1/1] (0.00ns)   --->   "br i1 %tmp_1, label %3, label %4" [fir.c:66]   --->   Operation 23 'br' <Predicate = (!tmp)> <Delay = 0.00>
ST_2 : Operation 24 [1/1] (1.10ns)   --->   "%tmp_2 = add i5 %i, -1" [fir.c:70]   --->   Operation 24 'add' 'tmp_2' <Predicate = (!tmp & !tmp_1)> <Delay = 1.10> <Core = "AddSub">   --->   Core 14 'AddSub' <Latency = 0> <II = 1> <Delay = 1.10> <FuncUnit> <Opcode : 'add' 'sub'> <InPorts = 2> <OutPorts = 1>
ST_2 : Operation 25 [1/1] (0.00ns)   --->   "%tmp_3 = zext i5 %tmp_2 to i64" [fir.c:70]   --->   Operation 25 'zext' 'tmp_3' <Predicate = (!tmp & !tmp_1)> <Delay = 0.00>
ST_2 : Operation 26 [1/1] (0.00ns)   --->   "%shift_reg_addr = getelementptr inbounds [11 x i32]* @shift_reg, i64 0, i64 %tmp_3" [fir.c:70]   --->   Operation 26 'getelementptr' 'shift_reg_addr' <Predicate = (!tmp & !tmp_1)> <Delay = 0.00>
ST_2 : Operation 27 [2/2] (1.14ns)   --->   "%data = load i32* %shift_reg_addr, align 4" [fir.c:70]   --->   Operation 27 'load' 'data' <Predicate = (!tmp & !tmp_1)> <Delay = 1.14> <Core = "RAM">   --->   Core 37 'RAM' <Latency = 1> <II = 1> <Delay = 1.14> <Storage> <Opcode : 'load' 'store'> <Ports = 2> <Width = 32> <Depth = 11> <RAM>
ST_2 : Operation 28 [1/1] (1.14ns)   --->   "store i32 %x_read, i32* getelementptr inbounds ([11 x i32]* @shift_reg, i64 0, i64 0), align 16" [fir.c:67]   --->   Operation 28 'store' <Predicate = (!tmp & tmp_1)> <Delay = 1.14> <Core = "RAM">   --->   Core 37 'RAM' <Latency = 1> <II = 1> <Delay = 1.14> <Storage> <Opcode : 'load' 'store'> <Ports = 2> <Width = 32> <Depth = 11> <RAM>
ST_2 : Operation 29 [1/1] (0.87ns)   --->   "br label %5" [fir.c:69]   --->   Operation 29 'br' <Predicate = (!tmp & tmp_1)> <Delay = 0.87>
ST_2 : Operation 30 [1/1] (0.00ns)   --->   "call void @_ssdm_op_Write.ap_vld.i32P(i32* %y, i32 %acc) nounwind" [fir.c:75]   --->   Operation 30 'write' <Predicate = (tmp)> <Delay = 0.00>
ST_2 : Operation 31 [1/1] (0.00ns)   --->   "ret void" [fir.c:76]   --->   Operation 31 'ret' <Predicate = (tmp)> <Delay = 0.00>

State 3 <SV = 2> <Delay = 2.29>
ST_3 : Operation 32 [1/2] (1.14ns)   --->   "%data = load i32* %shift_reg_addr, align 4" [fir.c:70]   --->   Operation 32 'load' 'data' <Predicate = (!tmp_1)> <Delay = 1.14> <Core = "RAM">   --->   Core 37 'RAM' <Latency = 1> <II = 1> <Delay = 1.14> <Storage> <Opcode : 'load' 'store'> <Ports = 2> <Width = 32> <Depth = 11> <RAM>
ST_3 : Operation 33 [1/1] (0.00ns)   --->   "%tmp_4 = zext i32 %i_cast to i64" [fir.c:70]   --->   Operation 33 'zext' 'tmp_4' <Predicate = (!tmp_1)> <Delay = 0.00>
ST_3 : Operation 34 [1/1] (0.00ns)   --->   "%shift_reg_addr_1 = getelementptr inbounds [11 x i32]* @shift_reg, i64 0, i64 %tmp_4" [fir.c:70]   --->   Operation 34 'getelementptr' 'shift_reg_addr_1' <Predicate = (!tmp_1)> <Delay = 0.00>
ST_3 : Operation 35 [1/1] (1.14ns)   --->   "store i32 %data, i32* %shift_reg_addr_1, align 4" [fir.c:70]   --->   Operation 35 'store' <Predicate = (!tmp_1)> <Delay = 1.14> <Core = "RAM">   --->   Core 37 'RAM' <Latency = 1> <II = 1> <Delay = 1.14> <Storage> <Opcode : 'load' 'store'> <Ports = 2> <Width = 32> <Depth = 11> <RAM>
ST_3 : Operation 36 [1/1] (0.87ns)   --->   "br label %5"   --->   Operation 36 'br' <Predicate = (!tmp_1)> <Delay = 0.87>
ST_3 : Operation 37 [1/1] (0.00ns)   --->   "%tmp_5 = zext i32 %i_cast to i64" [fir.c:73]   --->   Operation 37 'zext' 'tmp_5' <Predicate = true> <Delay = 0.00>
ST_3 : Operation 38 [1/1] (0.00ns)   --->   "%c_addr = getelementptr [11 x i32]* %c, i64 0, i64 %tmp_5" [fir.c:73]   --->   Operation 38 'getelementptr' 'c_addr' <Predicate = true> <Delay = 0.00>
ST_3 : Operation 39 [2/2] (2.26ns)   --->   "%c_load = load i32* %c_addr, align 4" [fir.c:73]   --->   Operation 39 'load' 'c_load' <Predicate = true> <Delay = 2.26> <Core = "RAM_1P_BRAM">   --->   Core 46 'RAM_1P_BRAM' <Latency = 1> <II = 1> <Delay = 2.26> <Storage> <Opcode : 'load' 'store'> <Ports = 1> <Width = 32> <Depth = 11> <RAM>
ST_3 : Operation 40 [1/1] (1.10ns)   --->   "%i_1 = add i5 %i, -1" [fir.c:65]   --->   Operation 40 'add' 'i_1' <Predicate = true> <Delay = 1.10> <Core = "AddSub">   --->   Core 14 'AddSub' <Latency = 0> <II = 1> <Delay = 1.10> <FuncUnit> <Opcode : 'add' 'sub'> <InPorts = 2> <OutPorts = 1>

State 4 <SV = 3> <Delay = 7.75>
ST_4 : Operation 41 [1/1] (0.00ns)   --->   "%data1 = phi i32 [ %x_read, %3 ], [ %data, %4 ]"   --->   Operation 41 'phi' 'data1' <Predicate = true> <Delay = 0.00>
ST_4 : Operation 42 [1/2] (2.26ns)   --->   "%c_load = load i32* %c_addr, align 4" [fir.c:73]   --->   Operation 42 'load' 'c_load' <Predicate = true> <Delay = 2.26> <Core = "RAM_1P_BRAM">   --->   Core 46 'RAM_1P_BRAM' <Latency = 1> <II = 1> <Delay = 2.26> <Storage> <Opcode : 'load' 'store'> <Ports = 1> <Width = 32> <Depth = 11> <RAM>
ST_4 : Operation 43 [1/1] (5.49ns)   --->   "%tmp_6 = mul nsw i32 %c_load, %data1" [fir.c:73]   --->   Operation 43 'mul' 'tmp_6' <Predicate = true> <Delay = 5.49> <Core = "Mul">   --->   Core 16 'Mul' <Latency = 0> <II = 1> <Delay = 5.49> <FuncUnit> <Opcode : 'mul'> <InPorts = 2> <OutPorts = 1>

State 5 <SV = 4> <Delay = 1.51>
ST_5 : Operation 44 [1/1] (1.51ns)   --->   "%acc_1 = add nsw i32 %tmp_6, %acc" [fir.c:73]   --->   Operation 44 'add' 'acc_1' <Predicate = true> <Delay = 1.51> <Core = "AddSub">   --->   Core 14 'AddSub' <Latency = 0> <II = 1> <Delay = 1.10> <FuncUnit> <Opcode : 'add' 'sub'> <InPorts = 2> <OutPorts = 1>
ST_5 : Operation 45 [1/1] (0.00ns)   --->   "br label %1" [fir.c:65]   --->   Operation 45 'br' <Predicate = true> <Delay = 0.00>


============================================================
+ Verbose Summary: Timing violations
============================================================
Target clock period: 10ns, clock uncertainty: 1.25ns.

 <State 1>: 0.872ns
The critical path consists of the following:
	multiplexor before 'phi' operation ('acc') with incoming values : ('acc', fir.c:73) [15]  (0.872 ns)

 <State 2>: 2.25ns
The critical path consists of the following:
	'phi' operation ('i') with incoming values : ('i', fir.c:65) [16]  (0 ns)
	'add' operation ('tmp_2', fir.c:70) [26]  (1.1 ns)
	'getelementptr' operation ('shift_reg_addr', fir.c:70) [28]  (0 ns)
	'load' operation ('data', fir.c:70) on array 'shift_reg' [29]  (1.15 ns)

 <State 3>: 2.3ns
The critical path consists of the following:
	'load' operation ('data', fir.c:70) on array 'shift_reg' [29]  (1.15 ns)
	'store' operation (fir.c:70) of variable 'data', fir.c:70 on array 'shift_reg' [32]  (1.15 ns)

 <State 4>: 7.76ns
The critical path consists of the following:
	'load' operation ('c_load', fir.c:73) on array 'c' [41]  (2.27 ns)
	'mul' operation ('tmp_6', fir.c:73) [42]  (5.49 ns)

 <State 5>: 1.51ns
The critical path consists of the following:
	'add' operation ('acc', fir.c:73) [43]  (1.51 ns)


============================================================
+ Verbose Summary: Binding
============================================================
N/A
* FSMD analyzer results:
  - Output states:
 - Input state : 
  - Chain level:
	State 1
	State 2
	State 3
	State 4
	State 5


============================================================
+ Verbose Summary: Datapath Resource usage 
============================================================
N/A
