

================================================================
== Vivado HLS Report for 'fir'
================================================================
* Date:           Wed Mar 10 11:42:36 2021

* Version:        2018.3 (Build 2405991 on Thu Dec 06 23:56:15 MST 2018)
* Project:        fir_prj
* Solution:       solution2
* Product family: kintex7
* Target device:  xc7k160tfbg484-2


================================================================
== Performance Estimates
================================================================
+ Timing (ns): 
    * Summary: 
    +--------+-------+----------+------------+
    |  Clock | Target| Estimated| Uncertainty|
    +--------+-------+----------+------------+
    |ap_clk  |  10.00|     7.756|        1.25|
    +--------+-------+----------+------------+

+ Latency (clock cycles): 
    * Summary: 
    +-----+-----+-----+-----+---------+
    |  Latency  |  Interval | Pipeline|
    | min | max | min | max |   Type  |
    +-----+-----+-----+-----+---------+
    |   45|   45|   45|   45|   none  |
    +-----+-----+-----+-----+---------+

    + Detail: 
        * Instance: 
        N/A

        * Loop: 
        +--------------------+-----+-----+----------+-----------+-----------+------+----------+
        |                    |  Latency  | Iteration|  Initiation Interval  | Trip |          |
        |      Loop Name     | min | max |  Latency |  achieved |   target  | Count| Pipelined|
        +--------------------+-----+-----+----------+-----------+-----------+------+----------+
        |- Shift_Accum_Loop  |   44|   44|         4|          -|          -|    11|    no    |
        +--------------------+-----+-----+----------+-----------+-----------+------+----------+



================================================================
== Utilization Estimates
================================================================
* Summary: 
+-----------------+---------+-------+--------+--------+
|       Name      | BRAM_18K| DSP48E|   FF   |   LUT  |
+-----------------+---------+-------+--------+--------+
|DSP              |        -|      -|       -|       -|
|Expression       |        -|      3|       0|      88|
|FIFO             |        -|      -|       -|       -|
|Instance         |        -|      -|       -|       -|
|Memory           |        0|      -|      64|       6|
|Multiplexer      |        -|      -|       -|     131|
|Register         |        -|      -|     177|       -|
+-----------------+---------+-------+--------+--------+
|Total            |        0|      3|     241|     225|
+-----------------+---------+-------+--------+--------+
|Available        |      650|    600|  202800|  101400|
+-----------------+---------+-------+--------+--------+
|Utilization (%)  |        0|   ~0  |   ~0   |   ~0   |
+-----------------+---------+-------+--------+--------+

+ Detail: 
    * Instance: 
    N/A

    * DSP48: 
    N/A

    * Memory: 
    +-------------+---------------+---------+----+----+------+-----+------+-------------+
    |    Memory   |     Module    | BRAM_18K| FF | LUT| Words| Bits| Banks| W*Bits*Banks|
    +-------------+---------------+---------+----+----+------+-----+------+-------------+
    |shift_reg_U  |fir_shift_reg  |        0|  64|   6|    11|   32|     1|          352|
    +-------------+---------------+---------+----+----+------+-----+------+-------------+
    |Total        |               |        0|  64|   6|    11|   32|     1|          352|
    +-------------+---------------+---------+----+----+------+-----+------+-------------+

    * FIFO: 
    N/A

    * Expression: 
    +-----------------+----------+-------+---+----+------------+------------+
    |  Variable Name  | Operation| DSP48E| FF| LUT| Bitwidth P0| Bitwidth P1|
    +-----------------+----------+-------+---+----+------------+------------+
    |tmp_6_fu_175_p2  |     *    |      3|  0|  21|          32|          32|
    |acc_1_fu_181_p2  |     +    |      0|  0|  39|          32|          32|
    |grp_fu_137_p2    |     +    |      0|  0|  15|           5|           2|
    |tmp_1_fu_156_p2  |   icmp   |      0|  0|  11|           5|           1|
    |ap_block_state1  |    or    |      0|  0|   2|           1|           1|
    +-----------------+----------+-------+---+----+------------+------------+
    |Total            |          |      3|  0|  88|          75|          68|
    +-----------------+----------+-------+---+----+------------+------------+

    * Multiplexer: 
    +--------------------+----+-----------+-----+-----------+
    |        Name        | LUT| Input Size| Bits| Total Bits|
    +--------------------+----+-----------+-----+-----------+
    |acc_reg_103         |   9|          2|   32|         64|
    |ap_NS_fsm           |  25|          6|    1|          6|
    |data1_reg_128       |   9|          2|   32|         64|
    |grp_fu_137_p0       |  13|          3|    5|         15|
    |i_reg_116           |   9|          2|    5|         10|
    |shift_reg_address0  |  17|          4|    4|         16|
    |shift_reg_d0        |  13|          3|   32|         96|
    |x_ap_vld_in_sig     |   9|          2|    1|          2|
    |x_ap_vld_preg       |   9|          2|    1|          2|
    |x_blk_n             |   9|          2|    1|          2|
    |x_in_sig            |   9|          2|   32|         64|
    +--------------------+----+-----------+-----+-----------+
    |Total               | 131|         30|  146|        341|
    +--------------------+----+-----------+-----+-----------+

    * Register: 
    +----------------+----+----+-----+-----------+
    |      Name      | FF | LUT| Bits| Const Bits|
    +----------------+----+----+-----+-----------+
    |acc_reg_103     |  32|   0|   32|          0|
    |ap_CS_fsm       |   5|   0|    5|          0|
    |data1_reg_128   |  32|   0|   32|          0|
    |i_1_reg_220     |   5|   0|    5|          0|
    |i_cast_reg_192  |  32|   0|   32|          0|
    |i_reg_116       |   5|   0|    5|          0|
    |tmp_1_reg_201   |   1|   0|    1|          0|
    |tmp_6_reg_225   |  32|   0|   32|          0|
    |x_ap_vld_preg   |   1|   0|    1|          0|
    |x_preg          |  32|   0|   32|          0|
    +----------------+----+----+-----+-----------+
    |Total           | 177|   0|  177|          0|
    +----------------+----+----+-----+-----------+



================================================================
== Interface
================================================================
* Summary: 
+------------+-----+-----+------------+--------------+--------------+
|  RTL Ports | Dir | Bits|  Protocol  | Source Object|    C Type    |
+------------+-----+-----+------------+--------------+--------------+
|ap_clk      |  in |    1| ap_ctrl_hs |      fir     | return value |
|ap_rst      |  in |    1| ap_ctrl_hs |      fir     | return value |
|ap_start    |  in |    1| ap_ctrl_hs |      fir     | return value |
|ap_done     | out |    1| ap_ctrl_hs |      fir     | return value |
|ap_idle     | out |    1| ap_ctrl_hs |      fir     | return value |
|ap_ready    | out |    1| ap_ctrl_hs |      fir     | return value |
|y           | out |   32|   ap_vld   |       y      |    pointer   |
|y_ap_vld    | out |    1|   ap_vld   |       y      |    pointer   |
|c_address0  | out |    4|  ap_memory |       c      |     array    |
|c_ce0       | out |    1|  ap_memory |       c      |     array    |
|c_q0        |  in |   32|  ap_memory |       c      |     array    |
|x           |  in |   32|   ap_vld   |       x      |    scalar    |
|x_ap_vld    |  in |    1|   ap_vld   |       x      |    scalar    |
+------------+-----+-----+------------+--------------+--------------+

============================================================
+ Verbose Summary: Synthesis Manager
============================================================
InlineROM: 1
ExposeGlobal: 0
============================================================
+ Verbose Summary: CDFG Model
============================================================
IsTopModel: 1
ResetActiveHigh: 1
IsCombinational: 2
IsDatapathOnly: 2
HasWiredReturn: 1
HasMFsm: 0
HasVarLatency: 1
IsPipeline: 0
IsRtlPipelined: 0
IsInstanceOverlapped: 0
IsDontTouch: 0
HasImplIP: 0
IsGatedGlobalClock: 0


============================================================
+ Verbose Summary: Schedule
============================================================
* Number of FSM states : 5
* Pipeline : 0
* Dataflow Pipeline: 0

* FSM state transitions: 
1 --> 
	2  / true
2 --> 
	3  / (!tmp)
3 --> 
	4  / true
4 --> 
	5  / true
5 --> 
	2  / true

* FSM state operations: 

State 1 <SV = 0> <Delay = 0.87>
ST_1 : Operation 6 [1/1] (0.00ns)   --->   "call void (...)* @_ssdm_op_SpecBitsMap(i32* %y) nounwind, !map !7"   --->   Operation 6 'specbitsmap' <Predicate = true> <Delay = 0.00>
ST_1 : Operation 7 [1/1] (0.00ns)   --->   "call void (...)* @_ssdm_op_SpecBitsMap([11 x i32]* %c) nounwind, !map !13"   --->   Operation 7 'specbitsmap' <Predicate = true> <Delay = 0.00>
ST_1 : Operation 8 [1/1] (0.00ns)   --->   "call void (...)* @_ssdm_op_SpecBitsMap(i32 %x) nounwind, !map !19"   --->   Operation 8 'specbitsmap' <Predicate = true> <Delay = 0.00>
ST_1 : Operation 9 [1/1] (0.00ns)   --->   "call void (...)* @_ssdm_op_SpecTopModule([4 x i8]* @fir_str) nounwind"   --->   Operation 9 'spectopmodule' <Predicate = true> <Delay = 0.00>
ST_1 : Operation 10 [1/1] (0.00ns)   --->   "%x_read = call i32 @_ssdm_op_Read.ap_vld.i32(i32 %x) nounwind" [fir.c:49]   --->   Operation 10 'read' 'x_read' <Predicate = true> <Delay = 0.00>
ST_1 : Operation 11 [1/1] (0.00ns)   --->   "call void (...)* @_ssdm_op_SpecMemCore([11 x i32]* %c, [1 x i8]* @p_str, [12 x i8]* @p_str1, [1 x i8]* @p_str, i32 -1, [1 x i8]* @p_str, [1 x i8]* @p_str, [1 x i8]* @p_str, [1 x i8]* @p_str, [1 x i8]* @p_str) nounwind" [fir.c:53]   --->   Operation 11 'specmemcore' <Predicate = true> <Delay = 0.00>
ST_1 : Operation 12 [1/1] (0.00ns)   --->   "call void (...)* @_ssdm_op_SpecInterface(i32 %x, [7 x i8]* @p_str2, i32 0, i32 0, [1 x i8]* @p_str, i32 0, i32 0, [1 x i8]* @p_str, [1 x i8]* @p_str, [1 x i8]* @p_str, i32 0, i32 0, i32 0, i32 0, [1 x i8]* @p_str, [1 x i8]* @p_str) nounwind" [fir.c:53]   --->   Operation 12 'specinterface' <Predicate = true> <Delay = 0.00>
ST_1 : Operation 13 [1/1] (0.00ns)   --->   "call void (...)* @_ssdm_op_SpecInterface(i32* %y, [7 x i8]* @p_str2, i32 0, i32 0, [1 x i8]* @p_str, i32 0, i32 0, [1 x i8]* @p_str, [1 x i8]* @p_str, [1 x i8]* @p_str, i32 0, i32 0, i32 0, i32 0, [1 x i8]* @p_str, [1 x i8]* @p_str) nounwind" [fir.c:54]   --->   Operation 13 'specinterface' <Predicate = true> <Delay = 0.00>
ST_1 : Operation 14 [1/1] (0.87ns)   --->   "br label %1" [fir.c:65]   --->   Operation 14 'br' <Predicate = true> <Delay = 0.87>

State 2 <SV = 1> <Delay = 2.25>
ST_2 : Operation 15 [1/1] (0.00ns)   --->   "%acc = phi i32 [ 0, %0 ], [ %acc_1, %5 ]"   --->   Operation 15 'phi' 'acc' <Predicate = true> <Delay = 0.00>
ST_2 : Operation 16 [1/1] (0.00ns)   --->   "%i = phi i5 [ 10, %0 ], [ %i_1, %5 ]"   --->   Operation 16 'phi' 'i' <Predicate = true> <Delay = 0.00>
ST_2 : Operation 17 [1/1] (0.00ns)   --->   "%i_cast = sext i5 %i to i32" [fir.c:65]   --->   Operation 17 'sext' 'i_cast' <Predicate = true> <Delay = 0.00>
ST_2 : Operation 18 [1/1] (0.00ns)   --->   "%tmp = call i1 @_ssdm_op_BitSelect.i1.i5.i32(i5 %i, i32 4)" [fir.c:65]   --->   Operation 18 'bitselect' 'tmp' <Predicate = true> <Delay = 0.00>
ST_2 : Operation 19 [1/1] (0.00ns)   --->   "%empty = call i32 (...)* @_ssdm_op_SpecLoopTripCount(i64 11, i64 11, i64 11) nounwind"   --->   Operation 19 'speclooptripcount' 'empty' <Predicate = true> <Delay = 0.00>
ST_2 : Operation 20 [1/1] (0.00ns)   --->   "br i1 %tmp, label %6, label %2" [fir.c:65]   --->   Operation 20 'br' <Predicate = true> <Delay = 0.00>
ST_2 : Operation 21 [1/1] (0.00ns)   --->   "call void (...)* @_ssdm_op_SpecLoopName([17 x i8]* @p_str3) nounwind" [fir.c:65]   --->   Operation 21 'specloopname' <Predicate = (!tmp)> <Delay = 0.00>
ST_2 : Operation 22 [1/1] (0.88ns)   --->   "%tmp_1 = icmp eq i5 %i, 0" [fir.c:66]   --->   Operation 22 'icmp' 'tmp_1' <Predicate = (!tmp)> <Delay = 0.88> <Core = "Cmp">   --->   Core 25 'Cmp' <Latency = 0> <II = 1> <Delay = 0.88> <FuncUnit> <Opcode : 'icmp'> <InPorts = 2> <OutPorts = 1>
ST_2 : Operation 23 [1/1] (0.00ns)   --->   "br i1 %tmp_1, label %3, label %4" [fir.c:66]   --->   Operation 23 'br' <Predicate = (!tmp)> <Delay = 0.00>
ST_2 : Operation 24 [1/1] (1.10ns)   --->   "%tmp_2 = add i5 %i, -1" [fir.c:70]   --->   Operation 24 'add' 'tmp_2' <Predicate = (!tmp & !tmp_1)> <Delay = 1.10> <Core = "AddSub">   --->   Core 14 'AddSub' <Latency = 0> <II = 1> <Delay = 1.10> <FuncUnit> <Opcode : 'add' 'sub'> <InPorts = 2> <OutPorts = 1>
ST_2 : Operation 25 [1/1] (0.00ns)   --->   "%tmp_3 = zext i5 %tmp_2 to i64" [fir.c:70]   --->   Operation 25 'zext' 'tmp_3' <Predicate = (!tmp & !tmp_1)> <Delay = 0.00>
ST_2 : Operation 26 [1/1] (0.00ns)   --->   "%shift_reg_addr = getelementptr inbounds [11 x i32]* @shift_reg, i64 0, i64 %tmp_3" [fir.c:70]   --->   Operation 26 'getelementptr' 'shift_reg_addr' <Predicate = (!tmp & !tmp_1)> <Delay = 0.00>
ST_2 : Operation 27 [2/2] (1.14ns)   --->   "%data = load i32* %shift_reg_addr, align 4" [fir.c:70]   --->   Operation 27 'load' 'data' <Predicate = (!tmp & !tmp_1)> <Delay = 1.14> <Core = "RAM">   --->   Core 37 'RAM' <Latency = 1> <II = 1> <Delay = 1.14> <Storage> <Opcode : 'load' 'store'> <Ports = 2> <Width = 32> <Depth = 11> <RAM>
ST_2 : Operation 28 [1/1] (1.14ns)   --->   "store i32 %x_read, i32* getelementptr inbounds ([11 x i32]* @shift_reg, i64 0, i64 0), align 16" [fir.c:67]   --->   Operation 28 'store' <Predicate = (!tmp & tmp_1)> <Delay = 1.14> <Core = "RAM">   --->   Core 37 'RAM' <Latency = 1> <II = 1> <Delay = 1.14> <Storage> <Opcode : 'load' 'store'> <Ports = 2> <Width = 32> <Depth = 11> <RAM>
ST_2 : Operation 29 [1/1] (0.87ns)   --->   "br label %5" [fir.c:69]   --->   Operation 29 'br' <Predicate = (!tmp & tmp_1)> <Delay = 0.87>
ST_2 : Operation 30 [1/1] (0.00ns)   --->   "call void @_ssdm_op_Write.ap_vld.i32P(i32* %y, i32 %acc) nounwind" [fir.c:75]   --->   Operation 30 'write' <Predicate = (tmp)> <Delay = 0.00>
ST_2 : Operation 31 [1/1] (0.00ns)   --->   "ret void" [fir.c:76]   --->   Operation 31 'ret' <Predicate = (tmp)> <Delay = 0.00>

State 3 <SV = 2> <Delay = 2.29>
ST_3 : Operation 32 [1/2] (1.14ns)   --->   "%data = load i32* %shift_reg_addr, align 4" [fir.c:70]   --->   Operation 32 'load' 'data' <Predicate = (!tmp_1)> <Delay = 1.14> <Core = "RAM">   --->   Core 37 'RAM' <Latency = 1> <II = 1> <Delay = 1.14> <Storage> <Opcode : 'load' 'store'> <Ports = 2> <Width = 32> <Depth = 11> <RAM>
ST_3 : Operation 33 [1/1] (0.00ns)   --->   "%tmp_4 = zext i32 %i_cast to i64" [fir.c:70]   --->   Operation 33 'zext' 'tmp_4' <Predicate = (!tmp_1)> <Delay = 0.00>
ST_3 : Operation 34 [1/1] (0.00ns)   --->   "%shift_reg_addr_1 = getelementptr inbounds [11 x i32]* @shift_reg, i64 0, i64 %tmp_4" [fir.c:70]   --->   Operation 34 'getelementptr' 'shift_reg_addr_1' <Predicate = (!tmp_1)> <Delay = 0.00>
ST_3 : Operation 35 [1/1] (1.14ns)   --->   "store i32 %data, i32* %shift_reg_addr_1, align 4" [fir.c:70]   --->   Operation 35 'store' <Predicate = (!tmp_1)> <Delay = 1.14> <Core = "RAM">   --->   Core 37 'RAM' <Latency = 1> <II = 1> <Delay = 1.14> <Storage> <Opcode : 'load' 'store'> <Ports = 2> <Width = 32> <Depth = 11> <RAM>
ST_3 : Operation 36 [1/1] (0.87ns)   --->   "br label %5"   --->   Operation 36 'br' <Predicate = (!tmp_1)> <Delay = 0.87>
ST_3 : Operation 37 [1/1] (0.00ns)   --->   "%tmp_5 = zext i32 %i_cast to i64" [fir.c:73]   --->   Operation 37 'zext' 'tmp_5' <Predicate = true> <Delay = 0.00>
ST_3 : Operation 38 [1/1] (0.00ns)   --->   "%c_addr = getelementptr [11 x i32]* %c, i64 0, i64 %tmp_5" [fir.c:73]   --->   Operation 38 'getelementptr' 'c_addr' <Predicate = true> <Delay = 0.00>
ST_3 : Operation 39 [2/2] (2.26ns)   --->   "%c_load = load i32* %c_addr, align 4" [fir.c:73]   --->   Operation 39 'load' 'c_load' <Predicate = true> <Delay = 2.26> <Core = "RAM_1P_BRAM">   --->   Core 46 'RAM_1P_BRAM' <Latency = 1> <II = 1> <Delay = 2.26> <Storage> <Opcode : 'load' 'store'> <Ports = 1> <Width = 32> <Depth = 11> <RAM>
ST_3 : Operation 40 [1/1] (1.10ns)   --->   "%i_1 = add i5 %i, -1" [fir.c:65]   --->   Operation 40 'add' 'i_1' <Predicate = true> <Delay = 1.10> <Core = "AddSub">   --->   Core 14 'AddSub' <Latency = 0> <II = 1> <Delay = 1.10> <FuncUnit> <Opcode : 'add' 'sub'> <InPorts = 2> <OutPorts = 1>

State 4 <SV = 3> <Delay = 7.75>
ST_4 : Operation 41 [1/1] (0.00ns)   --->   "%data1 = phi i32 [ %x_read, %3 ], [ %data, %4 ]"   --->   Operation 41 'phi' 'data1' <Predicate = true> <Delay = 0.00>
ST_4 : Operation 42 [1/2] (2.26ns)   --->   "%c_load = load i32* %c_addr, align 4" [fir.c:73]   --->   Operation 42 'load' 'c_load' <Predicate = true> <Delay = 2.26> <Core = "RAM_1P_BRAM">   --->   Core 46 'RAM_1P_BRAM' <Latency = 1> <II = 1> <Delay = 2.26> <Storage> <Opcode : 'load' 'store'> <Ports = 1> <Width = 32> <Depth = 11> <RAM>
ST_4 : Operation 43 [1/1] (5.49ns)   --->   "%tmp_6 = mul nsw i32 %c_load, %data1" [fir.c:73]   --->   Operation 43 'mul' 'tmp_6' <Predicate = true> <Delay = 5.49> <Core = "Mul">   --->   Core 16 'Mul' <Latency = 0> <II = 1> <Delay = 5.49> <FuncUnit> <Opcode : 'mul'> <InPorts = 2> <OutPorts = 1>

State 5 <SV = 4> <Delay = 1.51>
ST_5 : Operation 44 [1/1] (1.51ns)   --->   "%acc_1 = add nsw i32 %tmp_6, %acc" [fir.c:73]   --->   Operation 44 'add' 'acc_1' <Predicate = true> <Delay = 1.51> <Core = "AddSub">   --->   Core 14 'AddSub' <Latency = 0> <II = 1> <Delay = 1.10> <FuncUnit> <Opcode : 'add' 'sub'> <InPorts = 2> <OutPorts = 1>
ST_5 : Operation 45 [1/1] (0.00ns)   --->   "br label %1" [fir.c:65]   --->   Operation 45 'br' <Predicate = true> <Delay = 0.00>


============================================================
+ Verbose Summary: Binding
============================================================
STG Binding: 
---------------- STG Properties BEGIN ----------------
- Is combinational: 0
- Is one-state seq: 0
- Is datapath-only: 0
- Is pipelined: 0
- Is top level: 1
Port [ Return ] is wired: 1; IO mode=ap_ctrl_hs:ce=0
Port [ y]:  wired=1; compound=0; hidden=0; nouse=0; global=0; static=0; extern=0; dir=1; type=0; pingpong=0; private_global=0; IO mode=ap_vld:ce=0
Port [ c]:  wired=1; compound=1; hidden=0; nouse=0; global=0; static=0; extern=0; dir=0; type=1; pingpong=0; private_global=0; MemPort=[1]; IO mode=ap_memory:ce=0
Port [ x]:  wired=1; compound=0; hidden=0; nouse=0; global=0; static=0; extern=0; dir=0; type=0; pingpong=0; private_global=0; IO mode=ap_vld:ce=0
Port [ shift_reg]:  wired=0; compound=1; hidden=1; nouse=0; global=1; static=1; extern=0; dir=2; type=1; pingpong=0; private_global=1; linkage=7; visibility=0; MemPort=[23]; IO mode=ap_memory:ce=0
---------------- STG Properties END ------------------

---------------- Datapath Model BEGIN ----------------

<LifeTime>
<method=bitvector/>
StgValue_6       (specbitsmap      ) [ 000000]
StgValue_7       (specbitsmap      ) [ 000000]
StgValue_8       (specbitsmap      ) [ 000000]
StgValue_9       (spectopmodule    ) [ 000000]
x_read           (read             ) [ 001111]
StgValue_11      (specmemcore      ) [ 000000]
StgValue_12      (specinterface    ) [ 000000]
StgValue_13      (specinterface    ) [ 000000]
StgValue_14      (br               ) [ 011111]
acc              (phi              ) [ 001111]
i                (phi              ) [ 001100]
i_cast           (sext             ) [ 000100]
tmp              (bitselect        ) [ 001111]
empty            (speclooptripcount) [ 000000]
StgValue_20      (br               ) [ 000000]
StgValue_21      (specloopname     ) [ 000000]
tmp_1            (icmp             ) [ 001111]
StgValue_23      (br               ) [ 000000]
tmp_2            (add              ) [ 000000]
tmp_3            (zext             ) [ 000000]
shift_reg_addr   (getelementptr    ) [ 000100]
StgValue_28      (store            ) [ 000000]
StgValue_29      (br               ) [ 001111]
StgValue_30      (write            ) [ 000000]
StgValue_31      (ret              ) [ 000000]
data             (load             ) [ 001111]
tmp_4            (zext             ) [ 000000]
shift_reg_addr_1 (getelementptr    ) [ 000000]
StgValue_35      (store            ) [ 000000]
StgValue_36      (br               ) [ 001111]
tmp_5            (zext             ) [ 000000]
c_addr           (getelementptr    ) [ 000010]
i_1              (add              ) [ 011011]
data1            (phi              ) [ 000010]
c_load           (load             ) [ 000000]
tmp_6            (mul              ) [ 000001]
acc_1            (add              ) [ 011111]
StgValue_45      (br               ) [ 011111]
</LifeTime>

<model>

<comp_list>
<comp id="0" class="1000" name="y">
<pin_list>
<pin id="1" dir="1" index="0" bw="1" slack="0"/>
</pin_list>
<bind>
<StgValue><ssdm name="y"/></StgValue>
</bind>
</comp>

<comp id="2" class="1000" name="c">
<pin_list>
<pin id="3" dir="1" index="0" bw="1" slack="0"/>
</pin_list>
<bind>
<StgValue><ssdm name="c"/><MemPortTyVec>1 </MemPortTyVec>
</StgValue>
</bind>
</comp>

<comp id="4" class="1000" name="x">
<pin_list>
<pin id="5" dir="1" index="0" bw="1" slack="0"/>
</pin_list>
<bind>
<StgValue><ssdm name="x"/></StgValue>
</bind>
</comp>

<comp id="6" class="1000" name="shift_reg">
<pin_list>
<pin id="7" dir="1" index="0" bw="1" slack="0"/>
</pin_list>
<bind>
<StgValue><ssdm name="shift_reg"/><MemPortTyVec>2 3 </MemPortTyVec>
</StgValue>
</bind>
</comp>

<comp id="8" class="1001" name="const_8">
<pin_list>
<pin id="9" dir="1" index="0" bw="1" slack="2147483647"/>
</pin_list>
<bind>
<StgValue><ssdm name="_ssdm_op_SpecBitsMap"/></StgValue>
</bind>
</comp>

<comp id="10" class="1001" name="const_10">
<pin_list>
<pin id="11" dir="1" index="0" bw="1" slack="2147483647"/>
</pin_list>
<bind>
<StgValue><ssdm name="_ssdm_op_SpecTopModule"/></StgValue>
</bind>
</comp>

<comp id="12" class="1001" name="const_12">
<pin_list>
<pin id="13" dir="1" index="0" bw="1" slack="2147483647"/>
</pin_list>
<bind>
<StgValue><ssdm name="fir_str"/></StgValue>
</bind>
</comp>

<comp id="14" class="1001" name="const_14">
<pin_list>
<pin id="15" dir="1" index="0" bw="1" slack="0"/>
</pin_list>
<bind>
<StgValue><ssdm name="_ssdm_op_Read.ap_vld.i32"/></StgValue>
</bind>
</comp>

<comp id="16" class="1001" name="const_16">
<pin_list>
<pin id="17" dir="1" index="0" bw="1" slack="2147483647"/>
</pin_list>
<bind>
<StgValue><ssdm name="_ssdm_op_SpecMemCore"/></StgValue>
</bind>
</comp>

<comp id="18" class="1001" name="const_18">
<pin_list>
<pin id="19" dir="1" index="0" bw="1" slack="2147483647"/>
</pin_list>
<bind>
<StgValue><ssdm name="p_str"/></StgValue>
</bind>
</comp>

<comp id="20" class="1001" name="const_20">
<pin_list>
<pin id="21" dir="1" index="0" bw="1" slack="2147483647"/>
</pin_list>
<bind>
<StgValue><ssdm name="p_str1"/></StgValue>
</bind>
</comp>

<comp id="22" class="1001" name="const_22">
<pin_list>
<pin id="23" dir="1" index="0" bw="1" slack="2147483647"/>
</pin_list>
<bind>
<StgValue><ssdm name=""/></StgValue>
</bind>
</comp>

<comp id="24" class="1001" name="const_24">
<pin_list>
<pin id="25" dir="1" index="0" bw="1" slack="2147483647"/>
</pin_list>
<bind>
<StgValue><ssdm name="_ssdm_op_SpecInterface"/></StgValue>
</bind>
</comp>

<comp id="26" class="1001" name="const_26">
<pin_list>
<pin id="27" dir="1" index="0" bw="1" slack="2147483647"/>
</pin_list>
<bind>
<StgValue><ssdm name="p_str2"/></StgValue>
</bind>
</comp>

<comp id="28" class="1001" name="const_28">
<pin_list>
<pin id="29" dir="1" index="0" bw="1" slack="1"/>
</pin_list>
<bind>
<StgValue><ssdm name=""/></StgValue>
</bind>
</comp>

<comp id="30" class="1001" name="const_30">
<pin_list>
<pin id="31" dir="1" index="0" bw="1" slack="1"/>
</pin_list>
<bind>
<StgValue><ssdm name=""/></StgValue>
</bind>
</comp>

<comp id="32" class="1001" name="const_32">
<pin_list>
<pin id="33" dir="1" index="0" bw="1" slack="0"/>
</pin_list>
<bind>
<StgValue><ssdm name="_ssdm_op_BitSelect.i1.i5.i32"/></StgValue>
</bind>
</comp>

<comp id="34" class="1001" name="const_34">
<pin_list>
<pin id="35" dir="1" index="0" bw="1" slack="0"/>
</pin_list>
<bind>
<StgValue><ssdm name=""/></StgValue>
</bind>
</comp>

<comp id="36" class="1001" name="const_36">
<pin_list>
<pin id="37" dir="1" index="0" bw="1" slack="2147483647"/>
</pin_list>
<bind>
<StgValue><ssdm name="_ssdm_op_SpecLoopTripCount"/></StgValue>
</bind>
</comp>

<comp id="38" class="1001" name="const_38">
<pin_list>
<pin id="39" dir="1" index="0" bw="1" slack="2147483647"/>
</pin_list>
<bind>
<StgValue><ssdm name=""/></StgValue>
</bind>
</comp>

<comp id="40" class="1001" name="const_40">
<pin_list>
<pin id="41" dir="1" index="0" bw="1" slack="2147483647"/>
</pin_list>
<bind>
<StgValue><ssdm name="_ssdm_op_SpecLoopName"/></StgValue>
</bind>
</comp>

<comp id="42" class="1001" name="const_42">
<pin_list>
<pin id="43" dir="1" index="0" bw="1" slack="2147483647"/>
</pin_list>
<bind>
<StgValue><ssdm name="p_str3"/></StgValue>
</bind>
</comp>

<comp id="44" class="1001" name="const_44">
<pin_list>
<pin id="45" dir="1" index="0" bw="1" slack="0"/>
</pin_list>
<bind>
<StgValue><ssdm name=""/></StgValue>
</bind>
</comp>

<comp id="46" class="1001" name="const_46">
<pin_list>
<pin id="47" dir="1" index="0" bw="1" slack="0"/>
</pin_list>
<bind>
<StgValue><ssdm name=""/></StgValue>
</bind>
</comp>

<comp id="48" class="1001" name="const_48">
<pin_list>
<pin id="49" dir="1" index="0" bw="1" slack="0"/>
</pin_list>
<bind>
<StgValue><ssdm name=""/></StgValue>
</bind>
</comp>

<comp id="50" class="1001" name="const_50">
<pin_list>
<pin id="51" dir="1" index="0" bw="1" slack="0"/>
</pin_list>
<bind>
<StgValue><ssdm name=""/></StgValue>
</bind>
</comp>

<comp id="52" class="1001" name="const_52">
<pin_list>
<pin id="53" dir="1" index="0" bw="1" slack="0"/>
</pin_list>
<bind>
<StgValue><ssdm name="_ssdm_op_Write.ap_vld.i32P"/></StgValue>
</bind>
</comp>

<comp id="54" class="1004" name="x_read_read_fu_54">
<pin_list>
<pin id="55" dir="0" index="0" bw="32" slack="0"/>
<pin id="56" dir="0" index="1" bw="32" slack="0"/>
<pin id="57" dir="1" index="2" bw="32" slack="1"/>
</pin_list>
<bind>
<opcode="read(1150) " fcode="read"/>
<opset="x_read/1 "/>
</bind>
</comp>

<comp id="60" class="1004" name="StgValue_30_write_fu_60">
<pin_list>
<pin id="61" dir="0" index="0" bw="0" slack="0"/>
<pin id="62" dir="0" index="1" bw="32" slack="0"/>
<pin id="63" dir="0" index="2" bw="32" slack="0"/>
<pin id="64" dir="1" index="3" bw="0" slack="2147483647"/>
</pin_list>
<bind>
<opcode="write(1151) " fcode="write"/>
<opset="StgValue_30/2 "/>
</bind>
</comp>

<comp id="67" class="1004" name="shift_reg_addr_gep_fu_67">
<pin_list>
<pin id="68" dir="0" index="0" bw="32" slack="0"/>
<pin id="69" dir="0" index="1" bw="1" slack="0"/>
<pin id="70" dir="0" index="2" bw="5" slack="0"/>
<pin id="71" dir="1" index="3" bw="4" slack="0"/>
</pin_list>
<bind>
<opcode="getelementptr(29) " fcode="getelementptr"/>
<opset="shift_reg_addr/2 "/>
</bind>
</comp>

<comp id="74" class="1004" name="grp_access_fu_74">
<pin_list>
<pin id="75" dir="0" index="0" bw="4" slack="0"/>
<pin id="76" dir="0" index="1" bw="32" slack="0"/>
<pin id="77" dir="0" index="2" bw="0" slack="2147483647"/>
<pin id="78" dir="1" index="3" bw="32" slack="0"/>
</pin_list>
<bind>
<opcode="load(27) store(28) " fcode="store"/>
<opset="data/2 StgValue_28/2 StgValue_35/3 "/>
</bind>
</comp>

<comp id="81" class="1004" name="shift_reg_addr_1_gep_fu_81">
<pin_list>
<pin id="82" dir="0" index="0" bw="32" slack="0"/>
<pin id="83" dir="0" index="1" bw="1" slack="0"/>
<pin id="84" dir="0" index="2" bw="32" slack="0"/>
<pin id="85" dir="1" index="3" bw="4" slack="0"/>
</pin_list>
<bind>
<opcode="getelementptr(29) " fcode="getelementptr"/>
<opset="shift_reg_addr_1/3 "/>
</bind>
</comp>

<comp id="90" class="1004" name="c_addr_gep_fu_90">
<pin_list>
<pin id="91" dir="0" index="0" bw="32" slack="0"/>
<pin id="92" dir="0" index="1" bw="1" slack="0"/>
<pin id="93" dir="0" index="2" bw="32" slack="0"/>
<pin id="94" dir="1" index="3" bw="4" slack="0"/>
</pin_list>
<bind>
<opcode="getelementptr(29) " fcode="getelementptr"/>
<opset="c_addr/3 "/>
</bind>
</comp>

<comp id="97" class="1004" name="grp_access_fu_97">
<pin_list>
<pin id="98" dir="0" index="0" bw="4" slack="0"/>
<pin id="99" dir="0" index="1" bw="32" slack="2147483647"/>
<pin id="100" dir="0" index="2" bw="0" slack="2147483647"/>
<pin id="101" dir="1" index="3" bw="32" slack="0"/>
</pin_list>
<bind>
<opcode="load(27) " fcode="load"/>
<opset="c_load/3 "/>
</bind>
</comp>

<comp id="103" class="1005" name="acc_reg_103">
<pin_list>
<pin id="104" dir="0" index="0" bw="32" slack="1"/>
<pin id="105" dir="1" index="1" bw="32" slack="1"/>
</pin_list>
<bind>
<opset="acc (phireg) "/>
</bind>
</comp>

<comp id="107" class="1004" name="acc_phi_fu_107">
<pin_list>
<pin id="108" dir="0" index="0" bw="1" slack="1"/>
<pin id="109" dir="0" index="1" bw="0" slack="2147483647"/>
<pin id="110" dir="0" index="2" bw="32" slack="1"/>
<pin id="111" dir="0" index="3" bw="0" slack="2147483647"/>
<pin id="112" dir="1" index="4" bw="32" slack="0"/>
</pin_list>
<bind>
<opcode="phi(47) " fcode="phi"/>
<opset="acc/2 "/>
</bind>
</comp>

<comp id="116" class="1005" name="i_reg_116">
<pin_list>
<pin id="117" dir="0" index="0" bw="5" slack="1"/>
<pin id="118" dir="1" index="1" bw="5" slack="1"/>
</pin_list>
<bind>
<opset="i (phireg) "/>
</bind>
</comp>

<comp id="120" class="1004" name="i_phi_fu_120">
<pin_list>
<pin id="121" dir="0" index="0" bw="5" slack="1"/>
<pin id="122" dir="0" index="1" bw="0" slack="2147483647"/>
<pin id="123" dir="0" index="2" bw="5" slack="1"/>
<pin id="124" dir="0" index="3" bw="0" slack="2147483647"/>
<pin id="125" dir="1" index="4" bw="5" slack="0"/>
</pin_list>
<bind>
<opcode="phi(47) " fcode="phi"/>
<opset="i/2 "/>
</bind>
</comp>

<comp id="128" class="1005" name="data1_reg_128">
<pin_list>
<pin id="129" dir="0" index="0" bw="32" slack="2147483647"/>
<pin id="130" dir="1" index="1" bw="32" slack="2147483647"/>
</pin_list>
<bind>
<opset="data1 (phireg) "/>
</bind>
</comp>

<comp id="131" class="1004" name="data1_phi_fu_131">
<pin_list>
<pin id="132" dir="0" index="0" bw="32" slack="3"/>
<pin id="133" dir="0" index="1" bw="0" slack="2147483647"/>
<pin id="134" dir="0" index="2" bw="32" slack="1"/>
<pin id="135" dir="0" index="3" bw="0" slack="2147483647"/>
<pin id="136" dir="1" index="4" bw="32" slack="0"/>
</pin_list>
<bind>
<opcode="phi(47) " fcode="phi"/>
<opset="data1/4 "/>
</bind>
</comp>

<comp id="137" class="1004" name="grp_fu_137">
<pin_list>
<pin id="138" dir="0" index="0" bw="5" slack="0"/>
<pin id="139" dir="0" index="1" bw="1" slack="0"/>
<pin id="140" dir="1" index="2" bw="5" slack="0"/>
</pin_list>
<bind>
<opcode="add(8) " fcode="add"/>
<opset="tmp_2/2 i_1/3 "/>
</bind>
</comp>

<comp id="144" class="1004" name="i_cast_fu_144">
<pin_list>
<pin id="145" dir="0" index="0" bw="5" slack="0"/>
<pin id="146" dir="1" index="1" bw="32" slack="1"/>
</pin_list>
<bind>
<opcode="sext(35) " fcode="sext"/>
<opset="i_cast/2 "/>
</bind>
</comp>

<comp id="148" class="1004" name="tmp_fu_148">
<pin_list>
<pin id="149" dir="0" index="0" bw="1" slack="0"/>
<pin id="150" dir="0" index="1" bw="5" slack="0"/>
<pin id="151" dir="0" index="2" bw="4" slack="0"/>
<pin id="152" dir="1" index="3" bw="1" slack="2147483647"/>
</pin_list>
<bind>
<opcode="bitselect(1000) " fcode="bitselect"/>
<opset="tmp/2 "/>
</bind>
</comp>

<comp id="156" class="1004" name="tmp_1_fu_156">
<pin_list>
<pin id="157" dir="0" index="0" bw="5" slack="0"/>
<pin id="158" dir="0" index="1" bw="5" slack="0"/>
<pin id="159" dir="1" index="2" bw="1" slack="1"/>
</pin_list>
<bind>
<opcode="icmp(45) " fcode="icmp"/>
<opset="tmp_1/2 "/>
</bind>
</comp>

<comp id="162" class="1004" name="tmp_3_fu_162">
<pin_list>
<pin id="163" dir="0" index="0" bw="5" slack="0"/>
<pin id="164" dir="1" index="1" bw="64" slack="0"/>
</pin_list>
<bind>
<opcode="zext(34) " fcode="zext"/>
<opset="tmp_3/2 "/>
</bind>
</comp>

<comp id="167" class="1004" name="tmp_4_fu_167">
<pin_list>
<pin id="168" dir="0" index="0" bw="5" slack="1"/>
<pin id="169" dir="1" index="1" bw="64" slack="0"/>
</pin_list>
<bind>
<opcode="zext(34) " fcode="zext"/>
<opset="tmp_4/3 "/>
</bind>
</comp>

<comp id="171" class="1004" name="tmp_5_fu_171">
<pin_list>
<pin id="172" dir="0" index="0" bw="5" slack="1"/>
<pin id="173" dir="1" index="1" bw="64" slack="0"/>
</pin_list>
<bind>
<opcode="zext(34) " fcode="zext"/>
<opset="tmp_5/3 "/>
</bind>
</comp>

<comp id="175" class="1004" name="tmp_6_fu_175">
<pin_list>
<pin id="176" dir="0" index="0" bw="32" slack="0"/>
<pin id="177" dir="0" index="1" bw="32" slack="0"/>
<pin id="178" dir="1" index="2" bw="32" slack="1"/>
</pin_list>
<bind>
<opcode="mul(12) " fcode="mul"/>
<opset="tmp_6/4 "/>
</bind>
</comp>

<comp id="181" class="1004" name="acc_1_fu_181">
<pin_list>
<pin id="182" dir="0" index="0" bw="32" slack="1"/>
<pin id="183" dir="0" index="1" bw="32" slack="3"/>
<pin id="184" dir="1" index="2" bw="32" slack="1"/>
</pin_list>
<bind>
<opcode="add(8) " fcode="add"/>
<opset="acc_1/5 "/>
</bind>
</comp>

<comp id="186" class="1005" name="x_read_reg_186">
<pin_list>
<pin id="187" dir="0" index="0" bw="32" slack="1"/>
<pin id="188" dir="1" index="1" bw="32" slack="1"/>
</pin_list>
<bind>
<opset="x_read "/>
</bind>
</comp>

<comp id="192" class="1005" name="i_cast_reg_192">
<pin_list>
<pin id="193" dir="0" index="0" bw="32" slack="1"/>
<pin id="194" dir="1" index="1" bw="32" slack="1"/>
</pin_list>
<bind>
<opset="i_cast "/>
</bind>
</comp>

<comp id="201" class="1005" name="tmp_1_reg_201">
<pin_list>
<pin id="202" dir="0" index="0" bw="1" slack="1"/>
<pin id="203" dir="1" index="1" bw="1" slack="2147483647"/>
</pin_list>
<bind>
<opset="tmp_1 "/>
</bind>
</comp>

<comp id="205" class="1005" name="shift_reg_addr_reg_205">
<pin_list>
<pin id="206" dir="0" index="0" bw="4" slack="1"/>
<pin id="207" dir="1" index="1" bw="4" slack="1"/>
</pin_list>
<bind>
<opset="shift_reg_addr "/>
</bind>
</comp>

<comp id="210" class="1005" name="data_reg_210">
<pin_list>
<pin id="211" dir="0" index="0" bw="32" slack="1"/>
<pin id="212" dir="1" index="1" bw="32" slack="1"/>
</pin_list>
<bind>
<opset="data "/>
</bind>
</comp>

<comp id="215" class="1005" name="c_addr_reg_215">
<pin_list>
<pin id="216" dir="0" index="0" bw="4" slack="1"/>
<pin id="217" dir="1" index="1" bw="4" slack="1"/>
</pin_list>
<bind>
<opset="c_addr "/>
</bind>
</comp>

<comp id="220" class="1005" name="i_1_reg_220">
<pin_list>
<pin id="221" dir="0" index="0" bw="5" slack="1"/>
<pin id="222" dir="1" index="1" bw="5" slack="1"/>
</pin_list>
<bind>
<opset="i_1 "/>
</bind>
</comp>

<comp id="225" class="1005" name="tmp_6_reg_225">
<pin_list>
<pin id="226" dir="0" index="0" bw="32" slack="1"/>
<pin id="227" dir="1" index="1" bw="32" slack="1"/>
</pin_list>
<bind>
<opset="tmp_6 "/>
</bind>
</comp>

<comp id="230" class="1005" name="acc_1_reg_230">
<pin_list>
<pin id="231" dir="0" index="0" bw="32" slack="1"/>
<pin id="232" dir="1" index="1" bw="32" slack="1"/>
</pin_list>
<bind>
<opset="acc_1 "/>
</bind>
</comp>

</comp_list>

<net_list>
<net id="58"><net_src comp="14" pin="0"/><net_sink comp="54" pin=0"/></net>

<net id="59"><net_src comp="4" pin="0"/><net_sink comp="54" pin=1"/></net>

<net id="65"><net_src comp="52" pin="0"/><net_sink comp="60" pin=0"/></net>

<net id="66"><net_src comp="0" pin="0"/><net_sink comp="60" pin=1"/></net>

<net id="72"><net_src comp="6" pin="0"/><net_sink comp="67" pin=0"/></net>

<net id="73"><net_src comp="48" pin="0"/><net_sink comp="67" pin=1"/></net>

<net id="79"><net_src comp="67" pin="3"/><net_sink comp="74" pin=0"/></net>

<net id="80"><net_src comp="50" pin="0"/><net_sink comp="74" pin=0"/></net>

<net id="86"><net_src comp="6" pin="0"/><net_sink comp="81" pin=0"/></net>

<net id="87"><net_src comp="48" pin="0"/><net_sink comp="81" pin=1"/></net>

<net id="88"><net_src comp="74" pin="3"/><net_sink comp="74" pin=1"/></net>

<net id="89"><net_src comp="81" pin="3"/><net_sink comp="74" pin=0"/></net>

<net id="95"><net_src comp="2" pin="0"/><net_sink comp="90" pin=0"/></net>

<net id="96"><net_src comp="48" pin="0"/><net_sink comp="90" pin=1"/></net>

<net id="102"><net_src comp="90" pin="3"/><net_sink comp="97" pin=0"/></net>

<net id="106"><net_src comp="28" pin="0"/><net_sink comp="103" pin=0"/></net>

<net id="113"><net_src comp="103" pin="1"/><net_sink comp="107" pin=0"/></net>

<net id="114"><net_src comp="107" pin="4"/><net_sink comp="60" pin=2"/></net>

<net id="115"><net_src comp="107" pin="4"/><net_sink comp="103" pin=0"/></net>

<net id="119"><net_src comp="30" pin="0"/><net_sink comp="116" pin=0"/></net>

<net id="126"><net_src comp="116" pin="1"/><net_sink comp="120" pin=0"/></net>

<net id="127"><net_src comp="120" pin="4"/><net_sink comp="116" pin=0"/></net>

<net id="141"><net_src comp="120" pin="4"/><net_sink comp="137" pin=0"/></net>

<net id="142"><net_src comp="46" pin="0"/><net_sink comp="137" pin=1"/></net>

<net id="143"><net_src comp="116" pin="1"/><net_sink comp="137" pin=0"/></net>

<net id="147"><net_src comp="120" pin="4"/><net_sink comp="144" pin=0"/></net>

<net id="153"><net_src comp="32" pin="0"/><net_sink comp="148" pin=0"/></net>

<net id="154"><net_src comp="120" pin="4"/><net_sink comp="148" pin=1"/></net>

<net id="155"><net_src comp="34" pin="0"/><net_sink comp="148" pin=2"/></net>

<net id="160"><net_src comp="120" pin="4"/><net_sink comp="156" pin=0"/></net>

<net id="161"><net_src comp="44" pin="0"/><net_sink comp="156" pin=1"/></net>

<net id="165"><net_src comp="137" pin="2"/><net_sink comp="162" pin=0"/></net>

<net id="166"><net_src comp="162" pin="1"/><net_sink comp="67" pin=2"/></net>

<net id="170"><net_src comp="167" pin="1"/><net_sink comp="81" pin=2"/></net>

<net id="174"><net_src comp="171" pin="1"/><net_sink comp="90" pin=2"/></net>

<net id="179"><net_src comp="97" pin="3"/><net_sink comp="175" pin=0"/></net>

<net id="180"><net_src comp="131" pin="4"/><net_sink comp="175" pin=1"/></net>

<net id="185"><net_src comp="103" pin="1"/><net_sink comp="181" pin=1"/></net>

<net id="189"><net_src comp="54" pin="2"/><net_sink comp="186" pin=0"/></net>

<net id="190"><net_src comp="186" pin="1"/><net_sink comp="74" pin=1"/></net>

<net id="191"><net_src comp="186" pin="1"/><net_sink comp="131" pin=0"/></net>

<net id="195"><net_src comp="144" pin="1"/><net_sink comp="192" pin=0"/></net>

<net id="196"><net_src comp="192" pin="1"/><net_sink comp="167" pin=0"/></net>

<net id="197"><net_src comp="192" pin="1"/><net_sink comp="171" pin=0"/></net>

<net id="204"><net_src comp="156" pin="2"/><net_sink comp="201" pin=0"/></net>

<net id="208"><net_src comp="67" pin="3"/><net_sink comp="205" pin=0"/></net>

<net id="209"><net_src comp="205" pin="1"/><net_sink comp="74" pin=0"/></net>

<net id="213"><net_src comp="74" pin="3"/><net_sink comp="210" pin=0"/></net>

<net id="214"><net_src comp="210" pin="1"/><net_sink comp="131" pin=2"/></net>

<net id="218"><net_src comp="90" pin="3"/><net_sink comp="215" pin=0"/></net>

<net id="219"><net_src comp="215" pin="1"/><net_sink comp="97" pin=0"/></net>

<net id="223"><net_src comp="137" pin="2"/><net_sink comp="220" pin=0"/></net>

<net id="224"><net_src comp="220" pin="1"/><net_sink comp="120" pin=2"/></net>

<net id="228"><net_src comp="175" pin="2"/><net_sink comp="225" pin=0"/></net>

<net id="229"><net_src comp="225" pin="1"/><net_sink comp="181" pin=0"/></net>

<net id="233"><net_src comp="181" pin="2"/><net_sink comp="230" pin=0"/></net>

<net id="234"><net_src comp="230" pin="1"/><net_sink comp="107" pin=2"/></net>

</net_list>

</model> 
---------------- Datapath Model END ------------------

* FSMD analyzer results:
  - Output states:
	Port: y | {2 }
	Port: shift_reg | {2 3 }
 - Input state : 
	Port: fir : c | {3 4 }
	Port: fir : x | {1 }
	Port: fir : shift_reg | {2 3 }
  - Chain level:
	State 1
	State 2
		i_cast : 1
		tmp : 1
		StgValue_20 : 2
		tmp_1 : 1
		StgValue_23 : 2
		tmp_2 : 1
		tmp_3 : 2
		shift_reg_addr : 3
		data : 4
		StgValue_30 : 1
	State 3
		shift_reg_addr_1 : 1
		StgValue_35 : 2
		c_addr : 1
		c_load : 2
	State 4
		tmp_6 : 1
	State 5


============================================================
+ Verbose Summary: Datapath Resource usage 
============================================================

* Functional unit list:
|----------|-------------------------|---------|---------|---------|
| Operation|     Functional Unit     |  DSP48E |    FF   |   LUT   |
|----------|-------------------------|---------|---------|---------|
|    add   |        grp_fu_137       |    0    |    0    |    15   |
|          |       acc_1_fu_181      |    0    |    0    |    39   |
|----------|-------------------------|---------|---------|---------|
|    mul   |       tmp_6_fu_175      |    3    |    0    |    21   |
|----------|-------------------------|---------|---------|---------|
|   icmp   |       tmp_1_fu_156      |    0    |    0    |    11   |
|----------|-------------------------|---------|---------|---------|
|   read   |    x_read_read_fu_54    |    0    |    0    |    0    |
|----------|-------------------------|---------|---------|---------|
|   write  | StgValue_30_write_fu_60 |    0    |    0    |    0    |
|----------|-------------------------|---------|---------|---------|
|   sext   |      i_cast_fu_144      |    0    |    0    |    0    |
|----------|-------------------------|---------|---------|---------|
| bitselect|        tmp_fu_148       |    0    |    0    |    0    |
|----------|-------------------------|---------|---------|---------|
|          |       tmp_3_fu_162      |    0    |    0    |    0    |
|   zext   |       tmp_4_fu_167      |    0    |    0    |    0    |
|          |       tmp_5_fu_171      |    0    |    0    |    0    |
|----------|-------------------------|---------|---------|---------|
|   Total  |                         |    3    |    0    |    86   |
|----------|-------------------------|---------|---------|---------|

Memories:
+---------+--------+--------+--------+
|         |  BRAM  |   FF   |   LUT  |
+---------+--------+--------+--------+
|shift_reg|    0   |   64   |    6   |
+---------+--------+--------+--------+
|  Total  |    0   |   64   |    6   |
+---------+--------+--------+--------+

* Register list:
+----------------------+--------+
|                      |   FF   |
+----------------------+--------+
|     acc_1_reg_230    |   32   |
|      acc_reg_103     |   32   |
|    c_addr_reg_215    |    4   |
|     data1_reg_128    |   32   |
|     data_reg_210     |   32   |
|      i_1_reg_220     |    5   |
|    i_cast_reg_192    |   32   |
|       i_reg_116      |    5   |
|shift_reg_addr_reg_205|    4   |
|     tmp_1_reg_201    |    1   |
|     tmp_6_reg_225    |   32   |
|    x_read_reg_186    |   32   |
+----------------------+--------+
|         Total        |   243  |
+----------------------+--------+

* Multiplexer (MUX) list: 
|------------------|------|------|------|--------||---------||---------|
|       Comp       |  Pin | Size |  BW  | S x BW ||  Delay  ||   LUT   |
|------------------|------|------|------|--------||---------||---------|
| grp_access_fu_74 |  p0  |   4  |   4  |   16   ||    17   |
| grp_access_fu_74 |  p1  |   2  |  32  |   64   ||    9    |
| grp_access_fu_97 |  p0  |   2  |   4  |    8   ||    9    |
|    acc_reg_103   |  p0  |   2  |  32  |   64   ||    9    |
|     i_reg_116    |  p0  |   2  |   5  |   10   ||    9    |
|    grp_fu_137    |  p0  |   2  |   5  |   10   ||    9    |
|------------------|------|------|------|--------||---------||---------|
|       Total      |      |      |      |   172  || 5.30314 ||    62   |
|------------------|------|------|------|--------||---------||---------|



* Summary:
+-----------+--------+--------+--------+--------+--------+
|           |  BRAM  | DSP48E |  Delay |   FF   |   LUT  |
+-----------+--------+--------+--------+--------+--------+
|  Function |    -   |    3   |    -   |    0   |   86   |
|   Memory  |    0   |    -   |    -   |   64   |    6   |
|Multiplexer|    -   |    -   |    5   |    -   |   62   |
|  Register |    -   |    -   |    -   |   243  |    -   |
+-----------+--------+--------+--------+--------+--------+
|   Total   |    0   |    3   |    5   |   307  |   154  |
+-----------+--------+--------+--------+--------+--------+
